16/03/25 03:53:37 WARN util.NativeCodeLoader: Unable to load native-hadoop library for your platform... using builtin-java classes where applicable
16/03/25 03:53:38 INFO Configuration.deprecation: session.id is deprecated. Instead, use dfs.metrics.session-id
16/03/25 03:53:38 INFO jvm.JvmMetrics: Initializing JVM Metrics with processName=JobTracker, sessionId=
16/03/25 03:53:38 WARN mapreduce.JobResourceUploader: Hadoop command-line option parsing not performed. Implement the Tool interface and execute your application with ToolRunner to remedy this.
16/03/25 03:53:38 INFO input.FileInputFormat: Total input paths to process : 1
16/03/25 03:53:38 INFO mapreduce.JobSubmitter: number of splits:8
16/03/25 03:53:38 INFO mapreduce.JobSubmitter: Submitting tokens for job: job_local464987901_0001
16/03/25 03:53:39 INFO mapreduce.Job: The url to track the job: http://localhost:8080/
16/03/25 03:53:39 INFO mapreduce.Job: Running job: job_local464987901_0001
16/03/25 03:53:39 INFO mapred.LocalJobRunner: OutputCommitter set in config null
16/03/25 03:53:39 INFO output.FileOutputCommitter: File Output Committer Algorithm version is 1
16/03/25 03:53:39 INFO mapred.LocalJobRunner: OutputCommitter is org.apache.hadoop.mapreduce.lib.output.FileOutputCommitter
16/03/25 03:53:39 INFO mapred.LocalJobRunner: Waiting for map tasks
16/03/25 03:53:39 INFO mapred.LocalJobRunner: Starting task: attempt_local464987901_0001_m_000000_0
16/03/25 03:53:39 INFO output.FileOutputCommitter: File Output Committer Algorithm version is 1
16/03/25 03:53:39 INFO mapred.Task:  Using ResourceCalculatorProcessTree : [ ]
16/03/25 03:53:39 INFO mapred.MapTask: Processing split: hdfs://ec2-54-187-218-133.us-west-2.compute.amazonaws.com:54310/1GB:0+134217728
16/03/25 03:53:39 INFO mapred.MapTask: (EQUATOR) 0 kvi 26214396(104857584)
16/03/25 03:53:39 INFO mapred.MapTask: mapreduce.task.io.sort.mb: 100
16/03/25 03:53:39 INFO mapred.MapTask: soft limit at 83886080
16/03/25 03:53:39 INFO mapred.MapTask: bufstart = 0; bufvoid = 104857600
16/03/25 03:53:39 INFO mapred.MapTask: kvstart = 26214396; length = 6553600
16/03/25 03:53:39 INFO mapred.MapTask: Map output collector class = org.apache.hadoop.mapred.MapTask$MapOutputBuffer
16/03/25 03:53:40 INFO mapreduce.Job: Job job_local464987901_0001 running in uber mode : false
16/03/25 03:53:40 INFO mapreduce.Job:  map 0% reduce 0%
16/03/25 03:53:40 INFO mapred.MapTask: Spilling map output
16/03/25 03:53:40 INFO mapred.MapTask: bufstart = 0; bufend = 72112614; bufvoid = 104857600
16/03/25 03:53:40 INFO mapred.MapTask: kvstart = 26214396(104857584); kvend = 23271028(93084112); length = 2943369/6553600
16/03/25 03:53:40 INFO mapred.MapTask: (EQUATOR) 75055974 kvi 18763988(75055952)
16/03/25 03:53:43 INFO mapred.MapTask: Finished spill 0
16/03/25 03:53:43 INFO mapred.MapTask: (RESET) equator 75055974 kv 18763988(75055952) kvi 18028160(72112640)
16/03/25 03:53:44 INFO mapred.LocalJobRunner: 
16/03/25 03:53:44 INFO mapred.MapTask: Starting flush of map output
16/03/25 03:53:44 INFO mapred.MapTask: Spilling map output
16/03/25 03:53:44 INFO mapred.MapTask: bufstart = 75055974; bufend = 29619204; bufvoid = 104857600
16/03/25 03:53:44 INFO mapred.MapTask: kvstart = 18763988(75055952); kvend = 16338652(65354608); length = 2425337/6553600
16/03/25 03:53:45 INFO mapred.LocalJobRunner: map > sort
16/03/25 03:53:46 INFO mapreduce.Job:  map 8% reduce 0%
16/03/25 03:53:46 INFO mapred.MapTask: Finished spill 1
16/03/25 03:53:46 INFO mapred.Merger: Merging 2 sorted segments
16/03/25 03:53:46 INFO mapred.Merger: Down to the last merge-pass, with 2 segments left of total size: 135559964 bytes
16/03/25 03:53:47 INFO mapred.Task: Task:attempt_local464987901_0001_m_000000_0 is done. And is in the process of committing
16/03/25 03:53:47 INFO mapred.LocalJobRunner: map > sort
16/03/25 03:53:47 INFO mapred.Task: Task 'attempt_local464987901_0001_m_000000_0' done.
16/03/25 03:53:47 INFO mapred.LocalJobRunner: Finishing task: attempt_local464987901_0001_m_000000_0
16/03/25 03:53:47 INFO mapred.LocalJobRunner: Starting task: attempt_local464987901_0001_m_000001_0
16/03/25 03:53:47 INFO output.FileOutputCommitter: File Output Committer Algorithm version is 1
16/03/25 03:53:47 INFO mapred.Task:  Using ResourceCalculatorProcessTree : [ ]
16/03/25 03:53:47 INFO mapred.MapTask: Processing split: hdfs://ec2-54-187-218-133.us-west-2.compute.amazonaws.com:54310/1GB:134217728+134217728
16/03/25 03:53:47 INFO mapred.MapTask: (EQUATOR) 0 kvi 26214396(104857584)
16/03/25 03:53:47 INFO mapred.MapTask: mapreduce.task.io.sort.mb: 100
16/03/25 03:53:47 INFO mapred.MapTask: soft limit at 83886080
16/03/25 03:53:47 INFO mapred.MapTask: bufstart = 0; bufvoid = 104857600
16/03/25 03:53:47 INFO mapred.MapTask: kvstart = 26214396; length = 6553600
16/03/25 03:53:47 INFO mapred.MapTask: Map output collector class = org.apache.hadoop.mapred.MapTask$MapOutputBuffer
16/03/25 03:53:48 INFO mapreduce.Job:  map 100% reduce 0%
16/03/25 03:53:48 INFO mapred.MapTask: Spilling map output
16/03/25 03:53:48 INFO mapred.MapTask: bufstart = 0; bufend = 72112614; bufvoid = 104857600
16/03/25 03:53:48 INFO mapred.MapTask: kvstart = 26214396(104857584); kvend = 23271028(93084112); length = 2943369/6553600
16/03/25 03:53:48 INFO mapred.MapTask: (EQUATOR) 75055974 kvi 18763988(75055952)
16/03/25 03:53:50 INFO mapred.MapTask: Finished spill 0
16/03/25 03:53:50 INFO mapred.MapTask: (RESET) equator 75055974 kv 18763988(75055952) kvi 18028160(72112640)
16/03/25 03:53:51 INFO mapred.LocalJobRunner: 
16/03/25 03:53:51 INFO mapred.MapTask: Starting flush of map output
16/03/25 03:53:51 INFO mapred.MapTask: Spilling map output
16/03/25 03:53:51 INFO mapred.MapTask: bufstart = 75055974; bufend = 29619106; bufvoid = 104857600
16/03/25 03:53:51 INFO mapred.MapTask: kvstart = 18763988(75055952); kvend = 16338656(65354624); length = 2425333/6553600
16/03/25 03:53:52 INFO mapreduce.Job:  map 13% reduce 0%
16/03/25 03:53:52 INFO mapred.MapTask: Finished spill 1
16/03/25 03:53:52 INFO mapred.Merger: Merging 2 sorted segments
16/03/25 03:53:52 INFO mapred.Merger: Down to the last merge-pass, with 2 segments left of total size: 135559863 bytes
16/03/25 03:53:53 INFO mapred.LocalJobRunner: map > sort > 
16/03/25 03:53:54 INFO mapreduce.Job:  map 23% reduce 0%
16/03/25 03:53:54 INFO mapred.Task: Task:attempt_local464987901_0001_m_000001_0 is done. And is in the process of committing
16/03/25 03:53:54 INFO mapred.LocalJobRunner: map > sort
16/03/25 03:53:54 INFO mapred.Task: Task 'attempt_local464987901_0001_m_000001_0' done.
16/03/25 03:53:54 INFO mapred.LocalJobRunner: Finishing task: attempt_local464987901_0001_m_000001_0
16/03/25 03:53:54 INFO mapred.LocalJobRunner: Starting task: attempt_local464987901_0001_m_000002_0
16/03/25 03:53:54 INFO output.FileOutputCommitter: File Output Committer Algorithm version is 1
16/03/25 03:53:54 INFO mapred.Task:  Using ResourceCalculatorProcessTree : [ ]
16/03/25 03:53:54 INFO mapred.MapTask: Processing split: hdfs://ec2-54-187-218-133.us-west-2.compute.amazonaws.com:54310/1GB:268435456+134217728
16/03/25 03:53:54 INFO mapred.MapTask: (EQUATOR) 0 kvi 26214396(104857584)
16/03/25 03:53:54 INFO mapred.MapTask: mapreduce.task.io.sort.mb: 100
16/03/25 03:53:54 INFO mapred.MapTask: soft limit at 83886080
16/03/25 03:53:54 INFO mapred.MapTask: bufstart = 0; bufvoid = 104857600
16/03/25 03:53:54 INFO mapred.MapTask: kvstart = 26214396; length = 6553600
16/03/25 03:53:54 INFO mapred.MapTask: Map output collector class = org.apache.hadoop.mapred.MapTask$MapOutputBuffer
16/03/25 03:53:55 INFO mapreduce.Job:  map 100% reduce 0%
16/03/25 03:53:55 INFO mapred.MapTask: Spilling map output
16/03/25 03:53:55 INFO mapred.MapTask: bufstart = 0; bufend = 72112614; bufvoid = 104857600
16/03/25 03:53:55 INFO mapred.MapTask: kvstart = 26214396(104857584); kvend = 23271028(93084112); length = 2943369/6553600
16/03/25 03:53:55 INFO mapred.MapTask: (EQUATOR) 75055974 kvi 18763988(75055952)
16/03/25 03:53:57 INFO mapred.MapTask: Finished spill 0
16/03/25 03:53:57 INFO mapred.MapTask: (RESET) equator 75055974 kv 18763988(75055952) kvi 18028160(72112640)
16/03/25 03:53:57 INFO mapred.LocalJobRunner: 
16/03/25 03:53:57 INFO mapred.MapTask: Starting flush of map output
16/03/25 03:53:57 INFO mapred.MapTask: Spilling map output
16/03/25 03:53:57 INFO mapred.MapTask: bufstart = 75055974; bufend = 29619106; bufvoid = 104857600
16/03/25 03:53:57 INFO mapred.MapTask: kvstart = 18763988(75055952); kvend = 16338656(65354624); length = 2425333/6553600
16/03/25 03:53:58 INFO mapreduce.Job:  map 25% reduce 0%
16/03/25 03:53:59 INFO mapred.MapTask: Finished spill 1
16/03/25 03:53:59 INFO mapred.Merger: Merging 2 sorted segments
16/03/25 03:53:59 INFO mapred.Merger: Down to the last merge-pass, with 2 segments left of total size: 135559863 bytes
16/03/25 03:54:00 INFO mapred.LocalJobRunner: map > sort > 
16/03/25 03:54:00 INFO mapred.Task: Task:attempt_local464987901_0001_m_000002_0 is done. And is in the process of committing
16/03/25 03:54:00 INFO mapred.LocalJobRunner: map > sort
16/03/25 03:54:00 INFO mapred.Task: Task 'attempt_local464987901_0001_m_000002_0' done.
16/03/25 03:54:00 INFO mapred.LocalJobRunner: Finishing task: attempt_local464987901_0001_m_000002_0
16/03/25 03:54:00 INFO mapred.LocalJobRunner: Starting task: attempt_local464987901_0001_m_000003_0
16/03/25 03:54:00 INFO output.FileOutputCommitter: File Output Committer Algorithm version is 1
16/03/25 03:54:00 INFO mapred.Task:  Using ResourceCalculatorProcessTree : [ ]
16/03/25 03:54:00 INFO mapred.MapTask: Processing split: hdfs://ec2-54-187-218-133.us-west-2.compute.amazonaws.com:54310/1GB:402653184+134217728
16/03/25 03:54:00 INFO mapred.MapTask: (EQUATOR) 0 kvi 26214396(104857584)
16/03/25 03:54:00 INFO mapred.MapTask: mapreduce.task.io.sort.mb: 100
16/03/25 03:54:00 INFO mapred.MapTask: soft limit at 83886080
16/03/25 03:54:00 INFO mapred.MapTask: bufstart = 0; bufvoid = 104857600
16/03/25 03:54:00 INFO mapred.MapTask: kvstart = 26214396; length = 6553600
16/03/25 03:54:00 INFO mapred.MapTask: Map output collector class = org.apache.hadoop.mapred.MapTask$MapOutputBuffer
16/03/25 03:54:01 INFO mapreduce.Job:  map 100% reduce 0%
16/03/25 03:54:01 INFO mapred.MapTask: Spilling map output
16/03/25 03:54:01 INFO mapred.MapTask: bufstart = 0; bufend = 72112614; bufvoid = 104857600
16/03/25 03:54:01 INFO mapred.MapTask: kvstart = 26214396(104857584); kvend = 23271028(93084112); length = 2943369/6553600
16/03/25 03:54:01 INFO mapred.MapTask: (EQUATOR) 75055974 kvi 18763988(75055952)
16/03/25 03:54:03 INFO mapred.MapTask: Finished spill 0
16/03/25 03:54:03 INFO mapred.MapTask: (RESET) equator 75055974 kv 18763988(75055952) kvi 18028160(72112640)
16/03/25 03:54:04 INFO mapred.LocalJobRunner: 
16/03/25 03:54:04 INFO mapred.MapTask: Starting flush of map output
16/03/25 03:54:04 INFO mapred.MapTask: Spilling map output
16/03/25 03:54:04 INFO mapred.MapTask: bufstart = 75055974; bufend = 29619204; bufvoid = 104857600
16/03/25 03:54:04 INFO mapred.MapTask: kvstart = 18763988(75055952); kvend = 16338652(65354608); length = 2425337/6553600
16/03/25 03:54:05 INFO mapreduce.Job:  map 38% reduce 0%
16/03/25 03:54:06 INFO mapred.MapTask: Finished spill 1
16/03/25 03:54:06 INFO mapred.Merger: Merging 2 sorted segments
16/03/25 03:54:06 INFO mapred.Merger: Down to the last merge-pass, with 2 segments left of total size: 135559964 bytes
16/03/25 03:54:06 INFO mapred.LocalJobRunner: map > sort > 
16/03/25 03:54:07 INFO mapreduce.Job:  map 48% reduce 0%
16/03/25 03:54:07 INFO mapred.Task: Task:attempt_local464987901_0001_m_000003_0 is done. And is in the process of committing
16/03/25 03:54:07 INFO mapred.LocalJobRunner: map > sort
16/03/25 03:54:07 INFO mapred.Task: Task 'attempt_local464987901_0001_m_000003_0' done.
16/03/25 03:54:07 INFO mapred.LocalJobRunner: Finishing task: attempt_local464987901_0001_m_000003_0
16/03/25 03:54:07 INFO mapred.LocalJobRunner: Starting task: attempt_local464987901_0001_m_000004_0
16/03/25 03:54:07 INFO output.FileOutputCommitter: File Output Committer Algorithm version is 1
16/03/25 03:54:07 INFO mapred.Task:  Using ResourceCalculatorProcessTree : [ ]
16/03/25 03:54:07 INFO mapred.MapTask: Processing split: hdfs://ec2-54-187-218-133.us-west-2.compute.amazonaws.com:54310/1GB:536870912+134217728
16/03/25 03:54:07 INFO mapred.MapTask: (EQUATOR) 0 kvi 26214396(104857584)
16/03/25 03:54:07 INFO mapred.MapTask: mapreduce.task.io.sort.mb: 100
16/03/25 03:54:07 INFO mapred.MapTask: soft limit at 83886080
16/03/25 03:54:07 INFO mapred.MapTask: bufstart = 0; bufvoid = 104857600
16/03/25 03:54:07 INFO mapred.MapTask: kvstart = 26214396; length = 6553600
16/03/25 03:54:07 INFO mapred.MapTask: Map output collector class = org.apache.hadoop.mapred.MapTask$MapOutputBuffer
16/03/25 03:54:08 INFO mapreduce.Job:  map 100% reduce 0%
16/03/25 03:54:08 INFO mapred.MapTask: Spilling map output
16/03/25 03:54:08 INFO mapred.MapTask: bufstart = 0; bufend = 72112614; bufvoid = 104857600
16/03/25 03:54:08 INFO mapred.MapTask: kvstart = 26214396(104857584); kvend = 23271028(93084112); length = 2943369/6553600
16/03/25 03:54:08 INFO mapred.MapTask: (EQUATOR) 75055974 kvi 18763988(75055952)
16/03/25 03:54:10 INFO mapred.MapTask: Finished spill 0
16/03/25 03:54:10 INFO mapred.MapTask: (RESET) equator 75055974 kv 18763988(75055952) kvi 18028160(72112640)
16/03/25 03:54:10 INFO mapred.LocalJobRunner: 
16/03/25 03:54:10 INFO mapred.MapTask: Starting flush of map output
16/03/25 03:54:10 INFO mapred.MapTask: Spilling map output
16/03/25 03:54:10 INFO mapred.MapTask: bufstart = 75055974; bufend = 29619106; bufvoid = 104857600
16/03/25 03:54:10 INFO mapred.MapTask: kvstart = 18763988(75055952); kvend = 16338656(65354624); length = 2425333/6553600
16/03/25 03:54:11 INFO mapreduce.Job:  map 50% reduce 0%
16/03/25 03:54:12 INFO mapred.MapTask: Finished spill 1
16/03/25 03:54:12 INFO mapred.Merger: Merging 2 sorted segments
16/03/25 03:54:12 INFO mapred.Merger: Down to the last merge-pass, with 2 segments left of total size: 135559863 bytes
16/03/25 03:54:13 INFO mapred.LocalJobRunner: map > sort > 
16/03/25 03:54:14 INFO mapreduce.Job:  map 61% reduce 0%
16/03/25 03:54:14 INFO mapred.Task: Task:attempt_local464987901_0001_m_000004_0 is done. And is in the process of committing
16/03/25 03:54:14 INFO mapred.LocalJobRunner: map > sort
16/03/25 03:54:14 INFO mapred.Task: Task 'attempt_local464987901_0001_m_000004_0' done.
16/03/25 03:54:14 INFO mapred.LocalJobRunner: Finishing task: attempt_local464987901_0001_m_000004_0
16/03/25 03:54:14 INFO mapred.LocalJobRunner: Starting task: attempt_local464987901_0001_m_000005_0
16/03/25 03:54:14 INFO output.FileOutputCommitter: File Output Committer Algorithm version is 1
16/03/25 03:54:14 INFO mapred.Task:  Using ResourceCalculatorProcessTree : [ ]
16/03/25 03:54:14 INFO mapred.MapTask: Processing split: hdfs://ec2-54-187-218-133.us-west-2.compute.amazonaws.com:54310/1GB:671088640+134217728
16/03/25 03:54:14 INFO mapred.MapTask: (EQUATOR) 0 kvi 26214396(104857584)
16/03/25 03:54:14 INFO mapred.MapTask: mapreduce.task.io.sort.mb: 100
16/03/25 03:54:14 INFO mapred.MapTask: soft limit at 83886080
16/03/25 03:54:14 INFO mapred.MapTask: bufstart = 0; bufvoid = 104857600
16/03/25 03:54:14 INFO mapred.MapTask: kvstart = 26214396; length = 6553600
16/03/25 03:54:14 INFO mapred.MapTask: Map output collector class = org.apache.hadoop.mapred.MapTask$MapOutputBuffer
16/03/25 03:54:14 INFO mapred.MapTask: Spilling map output
16/03/25 03:54:14 INFO mapred.MapTask: bufstart = 0; bufend = 72112614; bufvoid = 104857600
16/03/25 03:54:14 INFO mapred.MapTask: kvstart = 26214396(104857584); kvend = 23271028(93084112); length = 2943369/6553600
16/03/25 03:54:14 INFO mapred.MapTask: (EQUATOR) 75055974 kvi 18763988(75055952)
16/03/25 03:54:15 INFO mapreduce.Job:  map 100% reduce 0%
16/03/25 03:54:17 INFO mapred.MapTask: Finished spill 0
16/03/25 03:54:17 INFO mapred.MapTask: (RESET) equator 75055974 kv 18763988(75055952) kvi 18028160(72112640)
16/03/25 03:54:17 INFO mapred.LocalJobRunner: 
16/03/25 03:54:17 INFO mapred.MapTask: Starting flush of map output
16/03/25 03:54:17 INFO mapred.MapTask: Spilling map output
16/03/25 03:54:17 INFO mapred.MapTask: bufstart = 75055974; bufend = 29619106; bufvoid = 104857600
16/03/25 03:54:17 INFO mapred.MapTask: kvstart = 18763988(75055952); kvend = 16338656(65354624); length = 2425333/6553600
16/03/25 03:54:18 INFO mapreduce.Job:  map 63% reduce 0%
16/03/25 03:54:19 INFO mapred.MapTask: Finished spill 1
16/03/25 03:54:19 INFO mapred.Merger: Merging 2 sorted segments
16/03/25 03:54:19 INFO mapred.Merger: Down to the last merge-pass, with 2 segments left of total size: 135559863 bytes
16/03/25 03:54:20 INFO mapred.LocalJobRunner: map > sort > 
16/03/25 03:54:20 INFO mapred.Task: Task:attempt_local464987901_0001_m_000005_0 is done. And is in the process of committing
16/03/25 03:54:20 INFO mapred.LocalJobRunner: map > sort
16/03/25 03:54:20 INFO mapred.Task: Task 'attempt_local464987901_0001_m_000005_0' done.
16/03/25 03:54:20 INFO mapred.LocalJobRunner: Finishing task: attempt_local464987901_0001_m_000005_0
16/03/25 03:54:20 INFO mapred.LocalJobRunner: Starting task: attempt_local464987901_0001_m_000006_0
16/03/25 03:54:20 INFO output.FileOutputCommitter: File Output Committer Algorithm version is 1
16/03/25 03:54:20 INFO mapred.Task:  Using ResourceCalculatorProcessTree : [ ]
16/03/25 03:54:20 INFO mapred.MapTask: Processing split: hdfs://ec2-54-187-218-133.us-west-2.compute.amazonaws.com:54310/1GB:805306368+134217728
16/03/25 03:54:20 INFO mapred.MapTask: (EQUATOR) 0 kvi 26214396(104857584)
16/03/25 03:54:20 INFO mapred.MapTask: mapreduce.task.io.sort.mb: 100
16/03/25 03:54:20 INFO mapred.MapTask: soft limit at 83886080
16/03/25 03:54:20 INFO mapred.MapTask: bufstart = 0; bufvoid = 104857600
16/03/25 03:54:20 INFO mapred.MapTask: kvstart = 26214396; length = 6553600
16/03/25 03:54:20 INFO mapred.MapTask: Map output collector class = org.apache.hadoop.mapred.MapTask$MapOutputBuffer
16/03/25 03:54:21 INFO mapreduce.Job:  map 100% reduce 0%
16/03/25 03:54:21 INFO mapred.MapTask: Spilling map output
16/03/25 03:54:21 INFO mapred.MapTask: bufstart = 0; bufend = 72112614; bufvoid = 104857600
16/03/25 03:54:21 INFO mapred.MapTask: kvstart = 26214396(104857584); kvend = 23271028(93084112); length = 2943369/6553600
16/03/25 03:54:21 INFO mapred.MapTask: (EQUATOR) 75055974 kvi 18763988(75055952)
16/03/25 03:54:23 INFO mapred.MapTask: Finished spill 0
16/03/25 03:54:23 INFO mapred.MapTask: (RESET) equator 75055974 kv 18763988(75055952) kvi 18028160(72112640)
16/03/25 03:54:24 INFO mapred.LocalJobRunner: 
16/03/25 03:54:24 INFO mapred.MapTask: Starting flush of map output
16/03/25 03:54:24 INFO mapred.MapTask: Spilling map output
16/03/25 03:54:24 INFO mapred.MapTask: bufstart = 75055974; bufend = 29619106; bufvoid = 104857600
16/03/25 03:54:24 INFO mapred.MapTask: kvstart = 18763988(75055952); kvend = 16338656(65354624); length = 2425333/6553600
16/03/25 03:54:24 INFO mapreduce.Job:  map 75% reduce 0%
16/03/25 03:54:25 INFO mapred.MapTask: Finished spill 1
16/03/25 03:54:25 INFO mapred.Merger: Merging 2 sorted segments
16/03/25 03:54:25 INFO mapred.Merger: Down to the last merge-pass, with 2 segments left of total size: 135559863 bytes
16/03/25 03:54:26 INFO mapred.LocalJobRunner: map > sort > 
16/03/25 03:54:27 INFO mapreduce.Job:  map 86% reduce 0%
16/03/25 03:54:27 INFO mapred.Task: Task:attempt_local464987901_0001_m_000006_0 is done. And is in the process of committing
16/03/25 03:54:27 INFO mapred.LocalJobRunner: map > sort
16/03/25 03:54:27 INFO mapred.Task: Task 'attempt_local464987901_0001_m_000006_0' done.
16/03/25 03:54:27 INFO mapred.LocalJobRunner: Finishing task: attempt_local464987901_0001_m_000006_0
16/03/25 03:54:27 INFO mapred.LocalJobRunner: Starting task: attempt_local464987901_0001_m_000007_0
16/03/25 03:54:27 INFO output.FileOutputCommitter: File Output Committer Algorithm version is 1
16/03/25 03:54:27 INFO mapred.Task:  Using ResourceCalculatorProcessTree : [ ]
16/03/25 03:54:27 INFO mapred.MapTask: Processing split: hdfs://ec2-54-187-218-133.us-west-2.compute.amazonaws.com:54310/1GB:939524096+60475904
16/03/25 03:54:27 INFO mapred.MapTask: (EQUATOR) 0 kvi 26214396(104857584)
16/03/25 03:54:27 INFO mapred.MapTask: mapreduce.task.io.sort.mb: 100
16/03/25 03:54:27 INFO mapred.MapTask: soft limit at 83886080
16/03/25 03:54:27 INFO mapred.MapTask: bufstart = 0; bufvoid = 104857600
16/03/25 03:54:27 INFO mapred.MapTask: kvstart = 26214396; length = 6553600
16/03/25 03:54:27 INFO mapred.MapTask: Map output collector class = org.apache.hadoop.mapred.MapTask$MapOutputBuffer
16/03/25 03:54:27 INFO mapred.LocalJobRunner: 
16/03/25 03:54:27 INFO mapred.MapTask: Starting flush of map output
16/03/25 03:54:27 INFO mapred.MapTask: Spilling map output
16/03/25 03:54:27 INFO mapred.MapTask: bufstart = 0; bufend = 59266382; bufvoid = 104857600
16/03/25 03:54:27 INFO mapred.MapTask: kvstart = 26214396(104857584); kvend = 23795364(95181456); length = 2419033/6553600
16/03/25 03:54:28 INFO mapreduce.Job:  map 88% reduce 0%
16/03/25 03:54:29 INFO mapred.MapTask: Finished spill 0
16/03/25 03:54:29 INFO mapred.Task: Task:attempt_local464987901_0001_m_000007_0 is done. And is in the process of committing
16/03/25 03:54:29 INFO mapred.LocalJobRunner: map
16/03/25 03:54:29 INFO mapred.Task: Task 'attempt_local464987901_0001_m_000007_0' done.
16/03/25 03:54:29 INFO mapred.LocalJobRunner: Finishing task: attempt_local464987901_0001_m_000007_0
16/03/25 03:54:29 INFO mapred.LocalJobRunner: map task executor complete.
16/03/25 03:54:29 INFO mapred.LocalJobRunner: Waiting for reduce tasks
16/03/25 03:54:29 INFO mapred.LocalJobRunner: Starting task: attempt_local464987901_0001_r_000000_0
16/03/25 03:54:29 INFO output.FileOutputCommitter: File Output Committer Algorithm version is 1
16/03/25 03:54:29 INFO mapred.Task:  Using ResourceCalculatorProcessTree : [ ]
16/03/25 03:54:29 INFO mapred.ReduceTask: Using ShuffleConsumerPlugin: org.apache.hadoop.mapreduce.task.reduce.Shuffle@2c87194b
16/03/25 03:54:29 INFO reduce.MergeManagerImpl: MergerManager: memoryLimit=333971456, maxSingleShuffleLimit=83492864, mergeThreshold=220421168, ioSortFactor=10, memToMemMergeOutputsThreshold=10
16/03/25 03:54:29 INFO reduce.EventFetcher: attempt_local464987901_0001_r_000000_0 Thread started: EventFetcher for fetching Map Completion Events
16/03/25 03:54:29 INFO reduce.MergeManagerImpl: attempt_local464987901_0001_m_000005_0: Shuffling to disk since 135559879 is greater than maxSingleShuffleLimit (83492864)
16/03/25 03:54:29 INFO reduce.LocalFetcher: localfetcher#1 about to shuffle output of map attempt_local464987901_0001_m_000005_0 decomp: 135559879 len: 135559883 to DISK
16/03/25 03:54:29 INFO reduce.OnDiskMapOutput: Read 135559883 bytes from map-output for attempt_local464987901_0001_m_000005_0
16/03/25 03:54:29 INFO reduce.MergeManagerImpl: attempt_local464987901_0001_m_000002_0: Shuffling to disk since 135559879 is greater than maxSingleShuffleLimit (83492864)
16/03/25 03:54:29 INFO reduce.LocalFetcher: localfetcher#1 about to shuffle output of map attempt_local464987901_0001_m_000002_0 decomp: 135559879 len: 135559883 to DISK
16/03/25 03:54:29 INFO reduce.OnDiskMapOutput: Read 135559883 bytes from map-output for attempt_local464987901_0001_m_000002_0
16/03/25 03:54:29 INFO reduce.MergeManagerImpl: attempt_local464987901_0001_m_000006_0: Shuffling to disk since 135559879 is greater than maxSingleShuffleLimit (83492864)
16/03/25 03:54:29 INFO reduce.LocalFetcher: localfetcher#1 about to shuffle output of map attempt_local464987901_0001_m_000006_0 decomp: 135559879 len: 135559883 to DISK
16/03/25 03:54:30 INFO mapreduce.Job:  map 100% reduce 0%
16/03/25 03:54:30 INFO reduce.OnDiskMapOutput: Read 135559883 bytes from map-output for attempt_local464987901_0001_m_000006_0
16/03/25 03:54:30 INFO reduce.MergeManagerImpl: attempt_local464987901_0001_m_000001_0: Shuffling to disk since 135559879 is greater than maxSingleShuffleLimit (83492864)
16/03/25 03:54:30 INFO reduce.LocalFetcher: localfetcher#1 about to shuffle output of map attempt_local464987901_0001_m_000001_0 decomp: 135559879 len: 135559883 to DISK
16/03/25 03:54:30 INFO reduce.OnDiskMapOutput: Read 135559883 bytes from map-output for attempt_local464987901_0001_m_000001_0
16/03/25 03:54:30 INFO reduce.MergeManagerImpl: attempt_local464987901_0001_m_000004_0: Shuffling to disk since 135559879 is greater than maxSingleShuffleLimit (83492864)
16/03/25 03:54:30 INFO reduce.LocalFetcher: localfetcher#1 about to shuffle output of map attempt_local464987901_0001_m_000004_0 decomp: 135559879 len: 135559883 to DISK
16/03/25 03:54:30 INFO reduce.OnDiskMapOutput: Read 135559883 bytes from map-output for attempt_local464987901_0001_m_000004_0
16/03/25 03:54:30 INFO reduce.LocalFetcher: localfetcher#1 about to shuffle output of map attempt_local464987901_0001_m_000007_0 decomp: 61080661 len: 61080665 to MEMORY
16/03/25 03:54:30 INFO reduce.InMemoryMapOutput: Read 61080661 bytes from map-output for attempt_local464987901_0001_m_000007_0
16/03/25 03:54:30 INFO reduce.MergeManagerImpl: closeInMemoryFile -> map-output of size: 61080661, inMemoryMapOutputs.size() -> 1, commitMemory -> 0, usedMemory ->61080661
16/03/25 03:54:30 INFO reduce.MergeManagerImpl: attempt_local464987901_0001_m_000000_0: Shuffling to disk since 135559980 is greater than maxSingleShuffleLimit (83492864)
16/03/25 03:54:30 INFO reduce.LocalFetcher: localfetcher#1 about to shuffle output of map attempt_local464987901_0001_m_000000_0 decomp: 135559980 len: 135559984 to DISK
16/03/25 03:54:31 INFO reduce.OnDiskMapOutput: Read 135559984 bytes from map-output for attempt_local464987901_0001_m_000000_0
16/03/25 03:54:31 INFO reduce.MergeManagerImpl: attempt_local464987901_0001_m_000003_0: Shuffling to disk since 135559980 is greater than maxSingleShuffleLimit (83492864)
16/03/25 03:54:31 INFO reduce.LocalFetcher: localfetcher#1 about to shuffle output of map attempt_local464987901_0001_m_000003_0 decomp: 135559980 len: 135559984 to DISK
16/03/25 03:54:31 INFO reduce.OnDiskMapOutput: Read 135559984 bytes from map-output for attempt_local464987901_0001_m_000003_0
16/03/25 03:54:31 INFO reduce.EventFetcher: EventFetcher is interrupted.. Returning
16/03/25 03:54:31 INFO mapred.LocalJobRunner: 8 / 8 copied.
16/03/25 03:54:31 INFO reduce.MergeManagerImpl: finalMerge called with 1 in-memory map-outputs and 7 on-disk map-outputs
16/03/25 03:54:31 INFO mapred.Merger: Merging 1 sorted segments
16/03/25 03:54:31 INFO mapred.Merger: Down to the last merge-pass, with 1 segments left of total size: 61080648 bytes
16/03/25 03:54:31 INFO reduce.MergeManagerImpl: Merged 1 segments, 61080661 bytes to disk to satisfy reduce memory limit
16/03/25 03:54:31 INFO reduce.MergeManagerImpl: Merging 8 files, 1010000048 bytes from disk
16/03/25 03:54:31 INFO reduce.MergeManagerImpl: Merging 0 segments, 0 bytes from memory into reduce
16/03/25 03:54:31 INFO mapred.Merger: Merging 8 sorted segments
16/03/25 03:54:31 INFO mapred.Merger: Down to the last merge-pass, with 8 segments left of total size: 1009999912 bytes
16/03/25 03:54:31 INFO mapred.LocalJobRunner: 8 / 8 copied.
16/03/25 03:54:31 INFO Configuration.deprecation: mapred.skip.on is deprecated. Instead, use mapreduce.job.skiprecords
16/03/25 03:54:35 INFO mapred.LocalJobRunner: reduce > reduce
16/03/25 03:54:36 INFO mapreduce.Job:  map 100% reduce 72%
16/03/25 03:54:38 INFO mapred.LocalJobRunner: reduce > reduce
16/03/25 03:54:39 INFO mapreduce.Job:  map 100% reduce 77%
16/03/25 03:54:41 INFO mapred.LocalJobRunner: reduce > reduce
16/03/25 03:54:42 INFO mapreduce.Job:  map 100% reduce 80%
16/03/25 03:54:44 INFO mapred.LocalJobRunner: reduce > reduce
16/03/25 03:55:02 INFO mapred.LocalJobRunner: reduce > reduce
16/03/25 03:55:03 INFO mapreduce.Job:  map 100% reduce 86%
16/03/25 03:55:05 INFO mapred.LocalJobRunner: reduce > reduce
16/03/25 03:55:06 INFO mapreduce.Job:  map 100% reduce 91%
16/03/25 03:55:08 INFO mapred.LocalJobRunner: reduce > reduce
16/03/25 03:55:09 INFO mapreduce.Job:  map 100% reduce 96%
16/03/25 03:55:11 INFO mapred.Task: Task:attempt_local464987901_0001_r_000000_0 is done. And is in the process of committing
16/03/25 03:55:11 INFO mapred.LocalJobRunner: reduce > reduce
16/03/25 03:55:11 INFO mapred.Task: Task attempt_local464987901_0001_r_000000_0 is allowed to commit now
16/03/25 03:55:11 INFO output.FileOutputCommitter: Saved output of task 'attempt_local464987901_0001_r_000000_0' to hdfs://ec2-54-187-218-133.us-west-2.compute.amazonaws.com:54310/hadoop/output/_temporary/0/task_local464987901_0001_r_000000
16/03/25 03:55:11 INFO mapred.LocalJobRunner: reduce > reduce
16/03/25 03:55:11 INFO mapred.Task: Task 'attempt_local464987901_0001_r_000000_0' done.
16/03/25 03:55:11 INFO mapred.LocalJobRunner: Finishing task: attempt_local464987901_0001_r_000000_0
16/03/25 03:55:11 INFO mapred.LocalJobRunner: reduce task executor complete.
16/03/25 03:55:12 INFO mapreduce.Job:  map 100% reduce 100%
16/03/25 03:55:12 INFO mapreduce.Job: Job job_local464987901_0001 completed successfully
16/03/25 03:55:12 INFO mapreduce.Job: Counters: 35
	File System Counters
		FILE: Number of bytes read=7713590224
		FILE: Number of bytes written=12521831350
		FILE: Number of read operations=0
		FILE: Number of large read operations=0
		FILE: Number of write operations=0
		HDFS: Number of bytes read=5758268416
		HDFS: Number of bytes written=1000000000
		HDFS: Number of read operations=118
		HDFS: Number of large read operations=0
		HDFS: Number of write operations=11
	Map-Reduce Framework
		Map input records=10000000
		Map output records=10000000
		Map output bytes=980000000
		Map output materialized bytes=1010000048
		Input split bytes=1056
		Combine input records=10000000
		Combine output records=10000000
		Reduce input groups=10000000
		Reduce shuffle bytes=1010000048
		Reduce input records=10000000
		Reduce output records=10000000
		Spilled Records=29395241
		Shuffled Maps =8
		Failed Shuffles=0
		Merged Map outputs=8
		GC time elapsed (ms)=871
		Total committed heap usage (bytes)=4323278848
	Shuffle Errors
		BAD_ID=0
		CONNECTION=0
		IO_ERROR=0
		WRONG_LENGTH=0
		WRONG_MAP=0
		WRONG_REDUCE=0
	File Input Format Counters 
		Bytes Read=1000028672
	File Output Format Counters 
		Bytes Written=1000000000
